#
# There is insufficient memory for the Java Runtime Environment to continue.
# Native memory allocation (malloc) failed to allocate 1228816 bytes for Chunk::new
# Possible reasons:
#   The system is out of physical RAM or swap space
#   The process is running with CompressedOops enabled, and the Java Heap may be blocking the growth of the native heap
# Possible solutions:
#   Reduce memory load on the system
#   Increase physical memory or swap space
#   Check if swap backing store is full
#   Decrease Java heap size (-Xmx/-Xms)
#   Decrease number of Java threads
#   Decrease Java thread stack sizes (-Xss)
#   Set larger code cache with -XX:ReservedCodeCacheSize=
#   JVM is running with Unscaled Compressed Oops mode in which the Java heap is
#     placed in the first 4GB address space. The Java Heap base address is the
#     maximum limit for the native heap growth. Please use -XX:HeapBaseMinAddress
#     to set the Java Heap base and to place the Java Heap above 4GB virtual address.
# This output file may be truncated or incomplete.
#
#  Out of Memory Error (allocation.cpp:389), pid=1860, tid=0x0000000000005eb8
#
# JRE version: OpenJDK Runtime Environment (8.0_242-b01) (build 1.8.0_242-release-1644-b01)
# Java VM: OpenJDK 64-Bit Server VM (25.242-b01 mixed mode windows-amd64 compressed oops)
# Failed to write core dump. Minidumps are not enabled by default on client versions of Windows
#

---------------  T H R E A D  ---------------

Current thread (0x0000000019e15000):  JavaThread "C2 CompilerThread2" daemon [_thread_in_native, id=24248, stack(0x000000001b620000,0x000000001b720000)]

Stack: [0x000000001b620000,0x000000001b720000]
[error occurred during error reporting (printing stack bounds), id 0xc0000005]

Native frames: (J=compiled Java code, j=interpreted, Vv=VM code, C=native code)


Current CompileTask:
C2:  12325 7949       4       org.objectweb.asm.commons.Remapper::mapType (123 bytes)


---------------  P R O C E S S  ---------------

Java Threads: ( => current thread )
  0x00000000203e4000 JavaThread "Memory manager" [_thread_blocked, id=11164, stack(0x0000000030150000,0x0000000030250000)]
  0x00000000203ed000 JavaThread "Cache worker for execution history cache (D:\projects\Drawing_App\.gradle\6.5\executionHistory)" [_thread_blocked, id=7260, stack(0x0000000030d50000,0x0000000030e50000)]
  0x00000000203e7800 JavaThread "jar transforms Thread 114" [_thread_blocked, id=9032, stack(0x000000002e990000,0x000000002ea90000)]
  0x00000000203e3000 JavaThread "jar transforms Thread 113" [_thread_blocked, id=3604, stack(0x000000002e890000,0x000000002e990000)]
  0x00000000203e6000 JavaThread "jar transforms Thread 112" [_thread_blocked, id=25496, stack(0x000000002e790000,0x000000002e890000)]
  0x00000000203e2800 JavaThread "jar transforms Thread 111" [_thread_blocked, id=20024, stack(0x000000002e690000,0x000000002e790000)]
  0x000000001db27800 JavaThread "jar transforms Thread 110" [_thread_blocked, id=24480, stack(0x000000002e590000,0x000000002e690000)]
  0x000000001db27000 JavaThread "jar transforms Thread 109" [_thread_blocked, id=1808, stack(0x000000002e490000,0x000000002e590000)]
  0x000000001db26000 JavaThread "jar transforms Thread 108" [_thread_blocked, id=14968, stack(0x000000002e390000,0x000000002e490000)]
  0x000000001db25800 JavaThread "jar transforms Thread 107" [_thread_blocked, id=4316, stack(0x000000002e290000,0x000000002e390000)]
  0x000000001db2c800 JavaThread "jar transforms Thread 106" [_thread_blocked, id=25040, stack(0x000000002e190000,0x000000002e290000)]
  0x000000001db2b000 JavaThread "jar transforms Thread 105" [_thread_blocked, id=20976, stack(0x000000002e090000,0x000000002e190000)]
  0x000000001db28800 JavaThread "jar transforms Thread 104" [_thread_blocked, id=25668, stack(0x000000002df90000,0x000000002e090000)]
  0x000000001db2a000 JavaThread "jar transforms Thread 103" [_thread_blocked, id=24264, stack(0x000000002de90000,0x000000002df90000)]
  0x000000001db29800 JavaThread "jar transforms Thread 102" [_thread_blocked, id=17308, stack(0x000000002dd90000,0x000000002de90000)]
  0x000000001db2b800 JavaThread "jar transforms Thread 101" [_thread_blocked, id=17208, stack(0x000000002dc90000,0x000000002dd90000)]
  0x000000001db1e000 JavaThread "jar transforms Thread 100" [_thread_blocked, id=8248, stack(0x000000002db90000,0x000000002dc90000)]
  0x000000001db1e800 JavaThread "jar transforms Thread 99" [_thread_blocked, id=16568, stack(0x000000002da90000,0x000000002db90000)]
  0x000000001db1f800 JavaThread "jar transforms Thread 98" [_thread_blocked, id=3228, stack(0x000000002d990000,0x000000002da90000)]
  0x000000001db22800 JavaThread "jar transforms Thread 97" [_thread_blocked, id=23932, stack(0x000000002d890000,0x000000002d990000)]
  0x000000001db21000 JavaThread "jar transforms Thread 96" [_thread_blocked, id=20112, stack(0x000000002d790000,0x000000002d890000)]
  0x000000001db24800 JavaThread "jar transforms Thread 95" [_thread_blocked, id=10904, stack(0x000000002d690000,0x000000002d790000)]
  0x000000001db1d000 JavaThread "jar transforms Thread 94" [_thread_blocked, id=22804, stack(0x000000002d590000,0x000000002d690000)]
  0x000000001db24000 JavaThread "jar transforms Thread 93" [_thread_blocked, id=15496, stack(0x000000002d490000,0x000000002d590000)]
  0x000000001db23000 JavaThread "jar transforms Thread 92" [_thread_blocked, id=8108, stack(0x000000002d290000,0x000000002d390000)]
  0x000000001db21800 JavaThread "jar transforms Thread 91" [_thread_blocked, id=12716, stack(0x000000002d190000,0x000000002d290000)]
  0x000000001db20000 JavaThread "jar transforms Thread 90" [_thread_blocked, id=7616, stack(0x000000002d090000,0x000000002d190000)]
  0x000000001dd5d000 JavaThread "jar transforms Thread 89" [_thread_blocked, id=3400, stack(0x000000002cf90000,0x000000002d090000)]
  0x000000001dd5b800 JavaThread "jar transforms Thread 88" [_thread_blocked, id=10908, stack(0x000000002ce90000,0x000000002cf90000)]
  0x000000001dd5a800 JavaThread "jar transforms Thread 87" [_thread_blocked, id=24824, stack(0x000000002cd90000,0x000000002ce90000)]
  0x000000001dd5a000 JavaThread "jar transforms Thread 86" [_thread_blocked, id=24700, stack(0x000000002cc90000,0x000000002cd90000)]
  0x000000001dd5d800 JavaThread "jar transforms Thread 85" [_thread_blocked, id=16076, stack(0x000000002cb90000,0x000000002cc90000)]
  0x000000001dd59000 JavaThread "jar transforms Thread 84" [_thread_blocked, id=6408, stack(0x000000002ca90000,0x000000002cb90000)]
  0x000000001dd58800 JavaThread "jar transforms Thread 83" [_thread_blocked, id=10172, stack(0x000000002c990000,0x000000002ca90000)]
  0x000000001dd57800 JavaThread "jar transforms Thread 82" [_thread_blocked, id=24656, stack(0x000000002c890000,0x000000002c990000)]
  0x000000001dd5c000 JavaThread "jar transforms Thread 81" [_thread_blocked, id=20996, stack(0x000000002c790000,0x000000002c890000)]
  0x000000001dd50000 JavaThread "jar transforms Thread 80" [_thread_blocked, id=25380, stack(0x000000002c690000,0x000000002c790000)]
  0x000000001dd57000 JavaThread "jar transforms Thread 79" [_thread_blocked, id=22844, stack(0x000000002c590000,0x000000002c690000)]
  0x000000001dd56000 JavaThread "jar transforms Thread 78" [_thread_blocked, id=13672, stack(0x000000002c490000,0x000000002c590000)]
  0x000000001dd4e800 JavaThread "jar transforms Thread 77" [_thread_blocked, id=22288, stack(0x000000002c390000,0x000000002c490000)]
  0x000000001dd55800 JavaThread "jar transforms Thread 76" [_thread_blocked, id=13988, stack(0x000000002c290000,0x000000002c390000)]
  0x000000001dd53000 JavaThread "jar transforms Thread 75" [_thread_blocked, id=24260, stack(0x000000002c190000,0x000000002c290000)]
  0x000000001dd52800 JavaThread "jar transforms Thread 74" [_thread_blocked, id=21292, stack(0x000000002c090000,0x000000002c190000)]
  0x000000001dd51800 JavaThread "jar transforms Thread 73" [_thread_blocked, id=21552, stack(0x000000002bf90000,0x000000002c090000)]
  0x000000001dd51000 JavaThread "jar transforms Thread 72" [_thread_blocked, id=20200, stack(0x000000002be90000,0x000000002bf90000)]
  0x000000001dd4f800 JavaThread "jar transforms Thread 71" [_thread_blocked, id=5792, stack(0x000000002bd90000,0x000000002be90000)]
  0x000000001dd54800 JavaThread "jar transforms Thread 70" [_thread_blocked, id=7176, stack(0x000000002bc90000,0x000000002bd90000)]
  0x000000001dd54000 JavaThread "jar transforms Thread 69" [_thread_blocked, id=12676, stack(0x000000002bb90000,0x000000002bc90000)]
  0x000000002123c000 JavaThread "jar transforms Thread 68" [_thread_blocked, id=20776, stack(0x000000002ba90000,0x000000002bb90000)]
  0x000000002123b000 JavaThread "jar transforms Thread 67" [_thread_blocked, id=15220, stack(0x000000002b990000,0x000000002ba90000)]
  0x000000002123a800 JavaThread "jar transforms Thread 66" [_thread_blocked, id=14176, stack(0x000000002b890000,0x000000002b990000)]
  0x0000000021239000 JavaThread "jar transforms Thread 65" [_thread_blocked, id=22772, stack(0x000000002b790000,0x000000002b890000)]
  0x0000000021239800 JavaThread "jar transforms Thread 64" [_thread_blocked, id=5156, stack(0x000000002b690000,0x000000002b790000)]
  0x0000000021238000 JavaThread "jar transforms Thread 63" [_thread_blocked, id=8368, stack(0x000000002b590000,0x000000002b690000)]
  0x0000000021230800 JavaThread "jar transforms Thread 62" [_thread_blocked, id=16592, stack(0x000000002b490000,0x000000002b590000)]
  0x0000000021237800 JavaThread "jar transforms Thread 61" [_thread_blocked, id=4768, stack(0x000000002b390000,0x000000002b490000)]
  0x0000000021236800 JavaThread "jar transforms Thread 60" [_thread_blocked, id=22512, stack(0x000000002b290000,0x000000002b390000)]
  0x0000000021236000 JavaThread "jar transforms Thread 59" [_thread_blocked, id=23704, stack(0x000000002b190000,0x000000002b290000)]
  0x000000002122e800 JavaThread "jar transforms Thread 58" [_thread_blocked, id=14088, stack(0x000000002b090000,0x000000002b190000)]
  0x0000000021235000 JavaThread "jar transforms Thread 57" [_thread_blocked, id=26344, stack(0x000000002af90000,0x000000002b090000)]
  0x0000000021231800 JavaThread "jar transforms Thread 56" [_thread_blocked, id=22468, stack(0x000000002ae90000,0x000000002af90000)]
  0x0000000021230000 JavaThread "jar transforms Thread 55" [_thread_blocked, id=6400, stack(0x000000002ad90000,0x000000002ae90000)]
  0x0000000021233800 JavaThread "jar transforms Thread 54" [_thread_blocked, id=25172, stack(0x000000002ac90000,0x000000002ad90000)]
  0x000000002122f000 JavaThread "jar transforms Thread 53" [_thread_blocked, id=9952, stack(0x000000002ab90000,0x000000002ac90000)]
  0x0000000021234800 JavaThread "jar transforms Thread 52" [_thread_blocked, id=10688, stack(0x000000002aa90000,0x000000002ab90000)]
  0x0000000021232000 JavaThread "jar transforms Thread 51" [_thread_blocked, id=6796, stack(0x000000002a990000,0x000000002aa90000)]
  0x0000000021233000 JavaThread "jar transforms Thread 50" [_thread_blocked, id=16960, stack(0x000000002a890000,0x000000002a990000)]
  0x000000002122c800 JavaThread "jar transforms Thread 49" [_thread_blocked, id=24708, stack(0x000000002a790000,0x000000002a890000)]
  0x000000002122d800 JavaThread "jar transforms Thread 48" [_thread_blocked, id=21940, stack(0x000000002a690000,0x000000002a790000)]
  0x000000001da56000 JavaThread "jar transforms Thread 47" [_thread_blocked, id=19132, stack(0x000000002a590000,0x000000002a690000)]
  0x000000001da55800 JavaThread "jar transforms Thread 46" [_thread_blocked, id=26484, stack(0x000000002a490000,0x000000002a590000)]
  0x000000001da57800 JavaThread "jar transforms Thread 45" [_thread_blocked, id=5240, stack(0x000000002a390000,0x000000002a490000)]
  0x000000001da58800 JavaThread "jar transforms Thread 44" [_thread_blocked, id=8300, stack(0x000000002a290000,0x000000002a390000)]
  0x000000001da54800 JavaThread "jar transforms Thread 43" [_thread_blocked, id=21996, stack(0x000000002a190000,0x000000002a290000)]
  0x000000001da54000 JavaThread "jar transforms Thread 42" [_thread_blocked, id=20432, stack(0x000000002a090000,0x000000002a190000)]
  0x000000001da53000 JavaThread "jar transforms Thread 41" [_thread_blocked, id=24200, stack(0x0000000029f90000,0x000000002a090000)]
  0x000000001da52800 JavaThread "jar transforms Thread 40" [_thread_blocked, id=7356, stack(0x0000000029e90000,0x0000000029f90000)]
  0x000000001da57000 JavaThread "jar transforms Thread 39" [_thread_blocked, id=15872, stack(0x0000000029d90000,0x0000000029e90000)]
  0x000000001da4b000 JavaThread "jar transforms Thread 38" [_thread_blocked, id=25760, stack(0x0000000029c90000,0x0000000029d90000)]
  0x000000001da4b800 JavaThread "jar transforms Thread 37" [_thread_blocked, id=22652, stack(0x0000000029b90000,0x0000000029c90000)]
  0x000000001da51800 JavaThread "jar transforms Thread 36" [_thread_blocked, id=10412, stack(0x0000000029a90000,0x0000000029b90000)]
  0x000000001da4a000 JavaThread "jar transforms Thread 35" [_thread_blocked, id=23720, stack(0x0000000029990000,0x0000000029a90000)]
  0x000000001da51000 JavaThread "jar transforms Thread 34" [_thread_blocked, id=11228, stack(0x0000000029890000,0x0000000029990000)]
  0x000000001da49800 JavaThread "jar transforms Thread 33" [_thread_blocked, id=20684, stack(0x0000000029790000,0x0000000029890000)]
  0x000000001da4e800 JavaThread "jar transforms Thread 32" [_thread_blocked, id=13752, stack(0x0000000029690000,0x0000000029790000)]
  0x000000001da50000 JavaThread "jar transforms Thread 31" [_thread_blocked, id=22608, stack(0x0000000029590000,0x0000000029690000)]
  0x000000001da4e000 JavaThread "jar transforms Thread 30" [_thread_blocked, id=24604, stack(0x0000000029490000,0x0000000029590000)]
  0x000000001da4d000 JavaThread "jar transforms Thread 29" [_thread_blocked, id=13488, stack(0x0000000029390000,0x0000000029490000)]
  0x000000001da4c800 JavaThread "jar transforms Thread 28" [_thread_blocked, id=24872, stack(0x0000000029290000,0x0000000029390000)]
  0x000000001da4f800 JavaThread "jar transforms Thread 27" [_thread_blocked, id=2432, stack(0x0000000029190000,0x0000000029290000)]
  0x00000000209f5000 JavaThread "jar transforms Thread 26" [_thread_blocked, id=12660, stack(0x0000000029090000,0x0000000029190000)]
  0x00000000209f1000 JavaThread "jar transforms Thread 25" [_thread_blocked, id=10624, stack(0x0000000028f90000,0x0000000029090000)]
  0x00000000209f4000 JavaThread "jar transforms Thread 24" [_thread_blocked, id=26064, stack(0x0000000028e90000,0x0000000028f90000)]
  0x00000000209f3800 JavaThread "jar transforms Thread 23" [_thread_blocked, id=19572, stack(0x0000000028d90000,0x0000000028e90000)]
  0x00000000209f2000 JavaThread "jar transforms Thread 22" [_thread_blocked, id=3996, stack(0x0000000028c90000,0x0000000028d90000)]
  0x00000000209f0800 JavaThread "jar transforms Thread 21" [_thread_blocked, id=24420, stack(0x0000000028b90000,0x0000000028c90000)]
  0x00000000209f2800 JavaThread "Build operations Thread 12" [_thread_in_native, id=24856, stack(0x0000000028a90000,0x0000000028b90000)]
  0x00000000209e9000 JavaThread "Build operations Thread 11" [_thread_in_native, id=6004, stack(0x0000000028990000,0x0000000028a90000)]
  0x00000000209ef800 JavaThread "Build operations Thread 10" [_thread_blocked, id=13740, stack(0x0000000028890000,0x0000000028990000)]
  0x00000000209e8000 JavaThread "Build operations Thread 9" [_thread_in_native, id=10940, stack(0x0000000028790000,0x0000000028890000)]
  0x00000000209ef000 JavaThread "Build operations Thread 8" [_thread_in_vm, id=5928, stack(0x0000000028690000,0x0000000028790000)]
  0x00000000209e7800 JavaThread "Build operations Thread 7" [_thread_in_native, id=1848, stack(0x0000000028590000,0x0000000028690000)]
  0x00000000209ee000 JavaThread "Build operations Thread 6" [_thread_blocked, id=7716, stack(0x0000000028490000,0x0000000028590000)]
  0x00000000209e6800 JavaThread "Build operations Thread 5" [_thread_in_native, id=8408, stack(0x0000000028390000,0x0000000028490000)]
  0x00000000209ea800 JavaThread "Build operations Thread 4" [_thread_blocked, id=2760, stack(0x0000000028290000,0x0000000028390000)]
  0x00000000209ed800 JavaThread "Build operations Thread 3" [_thread_blocked, id=22060, stack(0x0000000028190000,0x0000000028290000)]
  0x00000000209e6000 JavaThread "Build operations Thread 2" [_thread_blocked, id=21660, stack(0x0000000026e60000,0x0000000026f60000)]
  0x00000000209e9800 JavaThread "Build operations" [_thread_blocked, id=14256, stack(0x0000000026b30000,0x0000000026c30000)]
  0x00000000209ec800 JavaThread "Cache worker for Build Output Cleanup Cache (D:\projects\Drawing_App\.gradle\buildOutputCleanup)" [_thread_blocked, id=15096, stack(0x0000000025250000,0x0000000025350000)]
  0x000000001dc7e800 JavaThread "Cache worker for file content cache (C:\Users\amr4m\.gradle\caches\6.5\fileContent)" [_thread_blocked, id=16616, stack(0x0000000025150000,0x0000000025250000)]
  0x000000001dc7c000 JavaThread "Cache worker for execution history cache (C:\Users\amr4m\.gradle\caches\6.5\executionHistory)" [_thread_blocked, id=16872, stack(0x0000000024c50000,0x0000000024d50000)]
  0x000000001dc74800 JavaThread "Cache worker for cache directory md-rule (C:\Users\amr4m\.gradle\caches\6.5\md-rule)" [_thread_blocked, id=1956, stack(0x0000000024950000,0x0000000024a50000)]
  0x000000001dc7b800 JavaThread "Cache worker for cache directory md-supplier (C:\Users\amr4m\.gradle\caches\6.5\md-supplier)" [_thread_blocked, id=12332, stack(0x0000000024850000,0x0000000024950000)]
  0x000000001dc7a800 JavaThread "Cache worker for checksums cache (D:\projects\Drawing_App\.gradle\checksums)" [_thread_blocked, id=15020, stack(0x0000000024750000,0x0000000024850000)]
  0x000000001dc79000 JavaThread "jar transforms Thread 20" [_thread_blocked, id=24428, stack(0x0000000024450000,0x0000000024550000)]
  0x000000001dc7a000 JavaThread "jar transforms Thread 19" [_thread_blocked, id=400, stack(0x0000000024350000,0x0000000024450000)]
  0x000000001dc78800 JavaThread "jar transforms Thread 18" [_thread_blocked, id=25800, stack(0x0000000024250000,0x0000000024350000)]
  0x000000001dc74000 JavaThread "jar transforms Thread 17" [_thread_blocked, id=4128, stack(0x0000000024150000,0x0000000024250000)]
  0x000000001dc70800 JavaThread "jar transforms Thread 16" [_thread_blocked, id=23584, stack(0x0000000024050000,0x0000000024150000)]
  0x000000001dc73000 JavaThread "jar transforms Thread 15" [_thread_blocked, id=9476, stack(0x0000000023f50000,0x0000000024050000)]
  0x000000001dc77800 JavaThread "jar transforms Thread 14" [_thread_blocked, id=26136, stack(0x0000000023e50000,0x0000000023f50000)]
  0x000000001dc70000 JavaThread "jar transforms Thread 13" [_thread_blocked, id=10532, stack(0x0000000023d50000,0x0000000023e50000)]
  0x000000001dc71800 JavaThread "jar transforms Thread 12" [_thread_blocked, id=9396, stack(0x0000000023c50000,0x0000000023d50000)]
  0x000000001dc72800 JavaThread "jar transforms Thread 11" [_thread_blocked, id=26464, stack(0x0000000023b50000,0x0000000023c50000)]
  0x000000001dc75800 JavaThread "jar transforms Thread 10" [_thread_blocked, id=3572, stack(0x0000000023a50000,0x0000000023b50000)]
  0x000000001dc76000 JavaThread "jar transforms Thread 9" [_thread_blocked, id=19632, stack(0x0000000023950000,0x0000000023a50000)]
  0x000000001dc77000 JavaThread "jar transforms Thread 8" [_thread_blocked, id=14680, stack(0x0000000023850000,0x0000000023950000)]
  0x000000001d69b800 JavaThread "jar transforms Thread 7" [_thread_blocked, id=20800, stack(0x0000000023750000,0x0000000023850000)]
  0x000000001d69a000 JavaThread "jar transforms Thread 6" [_thread_blocked, id=23328, stack(0x0000000023650000,0x0000000023750000)]
  0x000000001d698800 JavaThread "jar transforms Thread 5" [_thread_blocked, id=25272, stack(0x0000000023550000,0x0000000023650000)]
  0x000000001d69e000 JavaThread "jar transforms Thread 4" [_thread_blocked, id=17652, stack(0x00000000220f0000,0x00000000221f0000)]
  0x000000001d69d000 JavaThread "jar transforms Thread 3" [_thread_blocked, id=10944, stack(0x0000000021ff0000,0x00000000220f0000)]
  0x000000001d699800 JavaThread "jar transforms Thread 2" [_thread_blocked, id=1612, stack(0x0000000021ef0000,0x0000000021ff0000)]
  0x000000001d69e800 JavaThread "jar transforms" [_thread_blocked, id=17668, stack(0x0000000021df0000,0x0000000021ef0000)]
  0x000000001d69c800 JavaThread "Cache worker for file hash cache (D:\projects\Drawing_App\.gradle\6.5\fileHashes)" [_thread_blocked, id=2016, stack(0x0000000023450000,0x0000000023550000)]
  0x000000001d698000 JavaThread "Cache worker for file hash cache (C:\Users\amr4m\.gradle\caches\6.5\fileHashes)" [_thread_blocked, id=8000, stack(0x000000001fb50000,0x000000001fc50000)]
  0x000000001d69b000 JavaThread "File lock request listener" [_thread_in_native, id=26544, stack(0x000000001fa50000,0x000000001fb50000)]
  0x0000000019f45000 JavaThread "Cache worker for journal cache (C:\Users\amr4m\.gradle\caches\journal-1)" [_thread_blocked, id=3660, stack(0x000000001f950000,0x000000001fa50000)]
  0x000000001d597800 JavaThread "Thread-9" [_thread_blocked, id=17984, stack(0x000000001f650000,0x000000001f750000)]
  0x000000001d594000 JavaThread "Stdin handler" [_thread_blocked, id=7896, stack(0x000000001f550000,0x000000001f650000)]
  0x000000001d593800 JavaThread "Asynchronous log dispatcher for DefaultDaemonConnection: socket connection from /127.0.0.1:4899 to /127.0.0.1:4900" [_thread_blocked, id=19272, stack(0x000000001f450000,0x000000001f550000)]
  0x000000001d49b000 JavaThread "Daemon worker" [_thread_blocked, id=11464, stack(0x000000001f350000,0x000000001f450000)]
  0x000000001d497800 JavaThread "Cancel handler" [_thread_blocked, id=6636, stack(0x000000001f250000,0x000000001f350000)]
  0x000000001d48d000 JavaThread "Handler for socket connection from /127.0.0.1:4899 to /127.0.0.1:4900" [_thread_in_native, id=13688, stack(0x000000001f150000,0x000000001f250000)]
  0x000000001d48c000 JavaThread "Daemon" [_thread_blocked, id=2948, stack(0x000000001f050000,0x000000001f150000)]
  0x000000001d531800 JavaThread "Daemon periodic checks" [_thread_blocked, id=17312, stack(0x000000001ec50000,0x000000001ed50000)]
  0x000000001d52a000 JavaThread "Incoming local TCP Connector on port 4899" [_thread_in_native, id=7740, stack(0x000000001ea00000,0x000000001eb00000)]
  0x000000001d407000 JavaThread "Daemon health stats" [_thread_blocked, id=4992, stack(0x000000001e3c0000,0x000000001e4c0000)]
  0x0000000019e72800 JavaThread "Service Thread" daemon [_thread_blocked, id=10168, stack(0x000000001b820000,0x000000001b920000)]
  0x0000000019e2e000 JavaThread "C1 CompilerThread3" daemon [_thread_in_vm, id=15740, stack(0x000000001b720000,0x000000001b820000)]
=>0x0000000019e15000 JavaThread "C2 CompilerThread2" daemon [_thread_in_native, id=24248, stack(0x000000001b620000,0x000000001b720000)]
  0x0000000019dcc800 JavaThread "C2 CompilerThread1" daemon [_thread_in_native, id=13880, stack(0x000000001b520000,0x000000001b620000)]
  0x0000000019dc5000 JavaThread "C2 CompilerThread0" daemon [_thread_in_native, id=12496, stack(0x000000001b420000,0x000000001b520000)]
  0x0000000019dc4000 JavaThread "Attach Listener" daemon [_thread_blocked, id=1556, stack(0x000000001b320000,0x000000001b420000)]
  0x0000000019dc3800 JavaThread "Signal Dispatcher" daemon [_thread_blocked, id=16192, stack(0x000000001b220000,0x000000001b320000)]
  0x000000000344a000 JavaThread "Finalizer" daemon [_thread_blocked, id=14108, stack(0x000000001b020000,0x000000001b120000)]
  0x0000000019db3000 JavaThread "Reference Handler" daemon [_thread_blocked, id=24108, stack(0x000000001af20000,0x000000001b020000)]
  0x000000000334e800 JavaThread "main" [_thread_blocked, id=10720, stack(0x00000000031e0000,0x00000000032e0000)]

Other Threads:
  0x0000000019d92800 VMThread [stack: 0x000000001ae20000,0x000000001af20000] [id=17120]
  0x0000000019e74000 WatcherThread [stack: 0x000000001b920000,0x000000001ba20000] [id=12196]

VM state:not at safepoint (normal execution)

VM Mutex/Monitor currently owned by a thread: None

OutOfMemory and StackOverflow Exception counts:
OutOfMemoryError java_heap_errors=1

heap address: 0x0000000080000000, size: 2048 MB, Compressed Oops mode: 32-bit
Narrow klass base: 0x0000000000000000, Narrow klass shift: 3
Compressed class space size: 1073741824 Address: 0x0000000100000000

Heap:
 PSYoungGen      total 301568K, used 79991K [0x00000000d5580000, 0x00000000e9500000, 0x0000000100000000)
  eden space 278016K, 22% used [0x00000000d5580000,0x00000000d92ebc88,0x00000000e6500000)
  from space 23552K, 72% used [0x00000000e7e00000,0x00000000e8eb2040,0x00000000e9500000)
  to   space 24576K, 0% used [0x00000000e6500000,0x00000000e6500000,0x00000000e7d00000)
 ParOldGen       total 196096K, used 49909K [0x0000000080000000, 0x000000008bf80000, 0x00000000d5580000)
  object space 196096K, 25% used [0x0000000080000000,0x00000000830bd438,0x000000008bf80000)
 Metaspace       used 77677K, capacity 81998K, committed 82264K, reserved 1120256K
  class space    used 10551K, capacity 11362K, committed 11392K, reserved 1048576K

Card table byte_map: [0x0000000012810000,0x0000000012c20000] byte_map_base: 0x0000000012410000

Marking Bits: (ParMarkBitMap*) 0x000000006157f030
 Begin Bits: [0x00000000138d0000, 0x00000000158d0000)
 End Bits:   [0x00000000158d0000, 0x00000000178d0000)

Polling page: 0x00000000019d0000

CodeCache: size=245760Kb used=24850Kb max_used=24876Kb free=220909Kb
 bounds [0x0000000003450000, 0x0000000004cc0000, 0x0000000012450000]
 total_blobs=8551 nmethods=7725 adapters=736
 compilation: enabled

Compilation events (10 events):
Event: 12.287 Thread 0x0000000019e2e000 nmethod 8851 0x0000000004c73150 code [0x0000000004c734e0, 0x0000000004c740e8]
Event: 12.287 Thread 0x0000000019e2e000 8852       2       org.gradle.internal.snapshot.AbstractIncompleteSnapshotWithChildren$1$$Lambda$773/1084702987::apply (20 bytes)
Event: 12.287 Thread 0x0000000019e2e000 nmethod 8852 0x0000000004c74b50 code [0x0000000004c74cc0, 0x0000000004c74ea8]
Event: 12.287 Thread 0x0000000019e2e000 8853       2       org.gradle.internal.snapshot.AbstractIncompleteSnapshotWithChildren$1::lambda$handleChildOfExisting$0 (11 bytes)
Event: 12.288 Thread 0x0000000019e2e000 nmethod 8853 0x0000000004c75010 code [0x0000000004c75180, 0x0000000004c752e8]
Event: 12.288 Thread 0x0000000019e2e000 8854       2       org.gradle.internal.snapshot.AbstractIncompleteSnapshotWithChildren$1$$Lambda$774/60025183::apply (8 bytes)
Event: 12.288 Thread 0x0000000019e2e000 nmethod 8854 0x0000000004c753d0 code [0x0000000004c75540, 0x0000000004c75808]
Event: 12.288 Thread 0x0000000019e2e000 8850       2       org.gradle.internal.execution.history.changes.PropertyChanges::<init> (26 bytes)
Event: 12.288 Thread 0x0000000019e2e000 nmethod 8850 0x0000000004c759d0 code [0x0000000004c75b20, 0x0000000004c75cb0]
Event: 12.288 Thread 0x0000000019e2e000 8856       2       com.sun.org.apache.xerces.internal.parsers.XML11Configuration::addRecognizedParamsAndSetDefaults (173 bytes)

GC Heap History (10 events):
Event: 7.465 GC heap before
{Heap before GC invocations=11 (full 2):
 PSYoungGen      total 185344K, used 185228K [0x00000000d5580000, 0x00000000e2300000, 0x0000000100000000)
  eden space 173568K, 100% used [0x00000000d5580000,0x00000000dff00000,0x00000000dff00000)
  from space 11776K, 99% used [0x00000000e1780000,0x00000000e22e33f0,0x00000000e2300000)
  to   space 14848K, 0% used [0x00000000e0600000,0x00000000e0600000,0x00000000e1480000)
 ParOldGen       total 131072K, used 16732K [0x0000000080000000, 0x0000000088000000, 0x00000000d5580000)
  object space 131072K, 12% used [0x0000000080000000,0x0000000081057158,0x0000000088000000)
 Metaspace       used 51757K, capacity 54036K, committed 54232K, reserved 1095680K
  class space    used 6897K, capacity 7371K, committed 7424K, reserved 1048576K
Event: 7.477 GC heap after
Heap after GC invocations=11 (full 2):
 PSYoungGen      total 195584K, used 14828K [0x00000000d5580000, 0x00000000e5c00000, 0x0000000100000000)
  eden space 180736K, 0% used [0x00000000d5580000,0x00000000d5580000,0x00000000e0600000)
  from space 14848K, 99% used [0x00000000e0600000,0x00000000e147b310,0x00000000e1480000)
  to   space 19968K, 0% used [0x00000000e4880000,0x00000000e4880000,0x00000000e5c00000)
 ParOldGen       total 131072K, used 25632K [0x0000000080000000, 0x0000000088000000, 0x00000000d5580000)
  object space 131072K, 19% used [0x0000000080000000,0x0000000081908028,0x0000000088000000)
 Metaspace       used 51757K, capacity 54036K, committed 54232K, reserved 1095680K
  class space    used 6897K, capacity 7371K, committed 7424K, reserved 1048576K
}
Event: 8.131 GC heap before
{Heap before GC invocations=12 (full 2):
 PSYoungGen      total 195584K, used 60282K [0x00000000d5580000, 0x00000000e5c00000, 0x0000000100000000)
  eden space 180736K, 25% used [0x00000000d5580000,0x00000000d81e3850,0x00000000e0600000)
  from space 14848K, 99% used [0x00000000e0600000,0x00000000e147b310,0x00000000e1480000)
  to   space 19968K, 0% used [0x00000000e4880000,0x00000000e4880000,0x00000000e5c00000)
 ParOldGen       total 131072K, used 25632K [0x0000000080000000, 0x0000000088000000, 0x00000000d5580000)
  object space 131072K, 19% used [0x0000000080000000,0x0000000081908028,0x0000000088000000)
 Metaspace       used 56625K, capacity 58956K, committed 59028K, reserved 1099776K
  class space    used 7446K, capacity 7931K, committed 7936K, reserved 1048576K
Event: 8.141 GC heap after
Heap after GC invocations=12 (full 2):
 PSYoungGen      total 247808K, used 16079K [0x00000000d5580000, 0x00000000e6680000, 0x0000000100000000)
  eden space 227840K, 0% used [0x00000000d5580000,0x00000000d5580000,0x00000000e3400000)
  from space 19968K, 80% used [0x00000000e4880000,0x00000000e5833f98,0x00000000e5c00000)
  to   space 20992K, 0% used [0x00000000e3400000,0x00000000e3400000,0x00000000e4880000)
 ParOldGen       total 131072K, used 30237K [0x0000000080000000, 0x0000000088000000, 0x00000000d5580000)
  object space 131072K, 23% used [0x0000000080000000,0x0000000081d87798,0x0000000088000000)
 Metaspace       used 56625K, capacity 58956K, committed 59028K, reserved 1099776K
  class space    used 7446K, capacity 7931K, committed 7936K, reserved 1048576K
}
Event: 8.141 GC heap before
{Heap before GC invocations=13 (full 3):
 PSYoungGen      total 247808K, used 16079K [0x00000000d5580000, 0x00000000e6680000, 0x0000000100000000)
  eden space 227840K, 0% used [0x00000000d5580000,0x00000000d5580000,0x00000000e3400000)
  from space 19968K, 80% used [0x00000000e4880000,0x00000000e5833f98,0x00000000e5c00000)
  to   space 20992K, 0% used [0x00000000e3400000,0x00000000e3400000,0x00000000e4880000)
 ParOldGen       total 131072K, used 30237K [0x0000000080000000, 0x0000000088000000, 0x00000000d5580000)
  object space 131072K, 23% used [0x0000000080000000,0x0000000081d87798,0x0000000088000000)
 Metaspace       used 56625K, capacity 58956K, committed 59028K, reserved 1099776K
  class space    used 7446K, capacity 7931K, committed 7936K, reserved 1048576K
Event: 8.303 GC heap after
Heap after GC invocations=13 (full 3):
 PSYoungGen      total 247808K, used 0K [0x00000000d5580000, 0x00000000e6680000, 0x0000000100000000)
  eden space 227840K, 0% used [0x00000000d5580000,0x00000000d5580000,0x00000000e3400000)
  from space 19968K, 0% used [0x00000000e4880000,0x00000000e4880000,0x00000000e5c00000)
  to   space 20992K, 0% used [0x00000000e3400000,0x00000000e3400000,0x00000000e4880000)
 ParOldGen       total 196096K, used 36393K [0x0000000080000000, 0x000000008bf80000, 0x00000000d5580000)
  object space 196096K, 18% used [0x0000000080000000,0x000000008238a538,0x000000008bf80000)
 Metaspace       used 56552K, capacity 58728K, committed 59028K, reserved 1099776K
  class space    used 7423K, capacity 7890K, committed 7936K, reserved 1048576K
}
Event: 10.044 GC heap before
{Heap before GC invocations=14 (full 3):
 PSYoungGen      total 247808K, used 227840K [0x00000000d5580000, 0x00000000e6680000, 0x0000000100000000)
  eden space 227840K, 100% used [0x00000000d5580000,0x00000000e3400000,0x00000000e3400000)
  from space 19968K, 0% used [0x00000000e4880000,0x00000000e4880000,0x00000000e5c00000)
  to   space 20992K, 0% used [0x00000000e3400000,0x00000000e3400000,0x00000000e4880000)
 ParOldGen       total 196096K, used 36393K [0x0000000080000000, 0x000000008bf80000, 0x00000000d5580000)
  object space 196096K, 18% used [0x0000000080000000,0x000000008238a538,0x000000008bf80000)
 Metaspace       used 68873K, capacity 71810K, committed 72152K, reserved 1112064K
  class space    used 9304K, capacity 9885K, committed 9984K, reserved 1048576K
Event: 10.062 GC heap after
Heap after GC invocations=14 (full 3):
 PSYoungGen      total 248832K, used 20972K [0x00000000d5580000, 0x00000000e9580000, 0x0000000100000000)
  eden space 227840K, 0% used [0x00000000d5580000,0x00000000d5580000,0x00000000e3400000)
  from space 20992K, 99% used [0x00000000e3400000,0x00000000e487b150,0x00000000e4880000)
  to   space 24064K, 0% used [0x00000000e7e00000,0x00000000e7e00000,0x00000000e9580000)
 ParOldGen       total 196096K, used 37210K [0x0000000080000000, 0x000000008bf80000, 0x00000000d5580000)
  object space 196096K, 18% used [0x0000000080000000,0x0000000082456a48,0x000000008bf80000)
 Metaspace       used 68873K, capacity 71810K, committed 72152K, reserved 1112064K
  class space    used 9304K, capacity 9885K, committed 9984K, reserved 1048576K
}
Event: 11.964 GC heap before
{Heap before GC invocations=15 (full 3):
 PSYoungGen      total 248832K, used 248812K [0x00000000d5580000, 0x00000000e9580000, 0x0000000100000000)
  eden space 227840K, 100% used [0x00000000d5580000,0x00000000e3400000,0x00000000e3400000)
  from space 20992K, 99% used [0x00000000e3400000,0x00000000e487b150,0x00000000e4880000)
  to   space 24064K, 0% used [0x00000000e7e00000,0x00000000e7e00000,0x00000000e9580000)
 ParOldGen       total 196096K, used 37262K [0x0000000080000000, 0x000000008bf80000, 0x00000000d5580000)
  object space 196096K, 19% used [0x0000000080000000,0x0000000082463a88,0x000000008bf80000)
 Metaspace       used 77378K, capacity 81704K, committed 82008K, reserved 1120256K
  class space    used 10548K, capacity 11359K, committed 11392K, reserved 1048576K
Event: 11.986 GC heap after
Heap after GC invocations=15 (full 3):
 PSYoungGen      total 301568K, used 17096K [0x00000000d5580000, 0x00000000e9500000, 0x0000000100000000)
  eden space 278016K, 0% used [0x00000000d5580000,0x00000000d5580000,0x00000000e6500000)
  from space 23552K, 72% used [0x00000000e7e00000,0x00000000e8eb2040,0x00000000e9500000)
  to   space 24576K, 0% used [0x00000000e6500000,0x00000000e6500000,0x00000000e7d00000)
 ParOldGen       total 196096K, used 49909K [0x0000000080000000, 0x000000008bf80000, 0x00000000d5580000)
  object space 196096K, 25% used [0x0000000080000000,0x00000000830bd438,0x000000008bf80000)
 Metaspace       used 77378K, capacity 81704K, committed 82008K, reserved 1120256K
  class space    used 10548K, capacity 11359K, committed 11392K, reserved 1048576K
}

Deoptimization events (10 events):
Event: 11.747 Thread 0x00000000209ed800 Uncommon trap: reason=array_check action=maybe_recompile pc=0x0000000003c597f0 method=java.util.AbstractCollection.toArray([Ljava/lang/Object;)[Ljava/lang/Object; @ 119
Event: 11.758 Thread 0x00000000209e6000 Uncommon trap: reason=array_check action=maybe_recompile pc=0x0000000003c597f0 method=java.util.AbstractCollection.toArray([Ljava/lang/Object;)[Ljava/lang/Object; @ 119
Event: 11.893 Thread 0x00000000209ef000 Uncommon trap: reason=unstable_if action=reinterpret pc=0x0000000004510174 method=org.objectweb.asm.ClassReader.readUtf(II[C)Ljava/lang/String; @ 41
Event: 11.893 Thread 0x00000000209ef000 Uncommon trap: reason=unstable_if action=reinterpret pc=0x00000000041c8008 method=org.objectweb.asm.ByteVector.putUTF8(Ljava/lang/String;)Lorg/objectweb/asm/ByteVector; @ 93
Event: 11.893 Thread 0x00000000209ef000 Uncommon trap: reason=unstable_if action=reinterpret pc=0x000000000450a524 method=org.objectweb.asm.ClassReader.readUtf(II[C)Ljava/lang/String; @ 41
Event: 11.893 Thread 0x00000000209ef000 Uncommon trap: reason=unstable_if action=reinterpret pc=0x0000000003b6d9cc method=org.objectweb.asm.ByteVector.putUTF8(Ljava/lang/String;)Lorg/objectweb/asm/ByteVector; @ 93
Event: 11.895 Thread 0x00000000209ef000 Uncommon trap: reason=unstable_if action=reinterpret pc=0x0000000003b617a0 method=org.objectweb.asm.ClassReader.readUtf(II[C)Ljava/lang/String; @ 41
Event: 11.990 Thread 0x00000000209e7800 Uncommon trap: reason=unstable_if action=reinterpret pc=0x0000000003704a50 method=java.util.concurrent.ConcurrentLinkedQueue.updateHead(Ljava/util/concurrent/ConcurrentLinkedQueue$Node;Ljava/util/concurrent/ConcurrentLinkedQueue$Node;)V @ 11
Event: 11.991 Thread 0x000000001dc7c000 Uncommon trap: reason=unstable_if action=reinterpret pc=0x000000000418c658 method=com.google.common.collect.MapMakerInternalMap$Segment.getEntry(Ljava/lang/Object;I)Lcom/google/common/collect/MapMakerInternalMap$InternalEntry; @ 40
Event: 12.091 Thread 0x00000000209ee000 Uncommon trap: reason=unstable_if action=reinterpret pc=0x0000000003a23fa4 method=java.util.concurrent.ConcurrentHashMap.addCount(JI)V @ 97

Classes redefined (0 events):
No events

Internal exceptions (10 events):
Event: 12.237 Thread 0x00000000209f2800 Exception <a 'sun/nio/fs/WindowsException'> (0x00000000d74a9ab8) thrown at [C:\src\AOSP-openjdk-git\hotspot\src\share\vm\prims\jni.cpp, line 710]
Event: 12.242 Thread 0x00000000209e8000 Exception <a 'sun/nio/fs/WindowsException'> (0x00000000d840c860) thrown at [C:\src\AOSP-openjdk-git\hotspot\src\share\vm\prims\jni.cpp, line 710]
Event: 12.243 Thread 0x00000000209ef800 Exception <a 'sun/nio/fs/WindowsException'> (0x00000000d856f950) thrown at [C:\src\AOSP-openjdk-git\hotspot\src\share\vm\prims\jni.cpp, line 710]
Event: 12.243 Thread 0x00000000209e9000 Exception <a 'sun/nio/fs/WindowsException'> (0x00000000d83e1d50) thrown at [C:\src\AOSP-openjdk-git\hotspot\src\share\vm\prims\jni.cpp, line 710]
Event: 12.243 Thread 0x00000000209e7800 Exception <a 'sun/nio/fs/WindowsException'> (0x00000000d85aa8b0) thrown at [C:\src\AOSP-openjdk-git\hotspot\src\share\vm\prims\jni.cpp, line 710]
Event: 12.244 Thread 0x00000000209e6800 Exception <a 'sun/nio/fs/WindowsException'> (0x00000000d873d618) thrown at [C:\src\AOSP-openjdk-git\hotspot\src\share\vm\prims\jni.cpp, line 710]
Event: 12.247 Thread 0x00000000209ea800 Exception <a 'sun/nio/fs/WindowsException'> (0x00000000d84b9078) thrown at [C:\src\AOSP-openjdk-git\hotspot\src\share\vm\prims\jni.cpp, line 710]
Event: 12.248 Thread 0x00000000209ee000 Exception <a 'sun/nio/fs/WindowsException'> (0x00000000d87136d0) thrown at [C:\src\AOSP-openjdk-git\hotspot\src\share\vm\prims\jni.cpp, line 710]
Event: 12.249 Thread 0x00000000209ef000 Exception <a 'sun/nio/fs/WindowsException'> (0x00000000d7f58e30) thrown at [C:\src\AOSP-openjdk-git\hotspot\src\share\vm\prims\jni.cpp, line 710]
Event: 12.287 Thread 0x00000000209ef000 Exception <a 'sun/nio/fs/WindowsException'> (0x00000000d89fb640) thrown at [C:\src\AOSP-openjdk-git\hotspot\src\share\vm\prims\jni.cpp, line 710]

Events (10 events):
Event: 12.138 Thread 0x00000000209e6800 DEOPT PACKING pc=0x0000000003a4cfa1 sp=0x000000002848b950
Event: 12.138 Thread 0x00000000209e6800 DEOPT UNPACKING pc=0x00000000034975d0 sp=0x000000002848b6c8 mode 0
Event: 12.221 Thread 0x0000000019f45000 DEOPT PACKING pc=0x0000000004bee47e sp=0x000000001fa4e490
Event: 12.221 Thread 0x0000000019f45000 DEOPT UNPACKING pc=0x00000000034975d0 sp=0x000000001fa4e1d0 mode 0
Event: 12.229 Executing VM operation: RevokeBias
Event: 12.229 Executing VM operation: RevokeBias done
Event: 12.234 Executing VM operation: RevokeBias
Event: 12.234 Executing VM operation: RevokeBias done
Event: 12.272 Executing VM operation: RevokeBias
Event: 12.273 Executing VM operation: RevokeBias done


Dynamic libraries:
0x00007ff78b2f0000 - 0x00007ff78b321000 	D:\Flutter\android_studio_install\jre\bin\java.exe
0x00007ff8e19e0000 - 0x00007ff8e1be9000 	C:\WINDOWS\SYSTEM32\ntdll.dll
0x00007ff8e12d0000 - 0x00007ff8e138d000 	C:\WINDOWS\System32\KERNEL32.DLL
0x00007ff8df3c0000 - 0x00007ff8df734000 	C:\WINDOWS\System32\KERNELBASE.dll
0x00007ff8e0420000 - 0x00007ff8e04ce000 	C:\WINDOWS\System32\ADVAPI32.dll
0x00007ff8dfa10000 - 0x00007ff8dfab3000 	C:\WINDOWS\System32\msvcrt.dll
0x00007ff8df8e0000 - 0x00007ff8df97e000 	C:\WINDOWS\System32\sechost.dll
0x00007ff8e02e0000 - 0x00007ff8e0400000 	C:\WINDOWS\System32\RPCRT4.dll
0x00007ff8e0130000 - 0x00007ff8e02dc000 	C:\WINDOWS\System32\USER32.dll
0x00007ff8df7b0000 - 0x00007ff8df7d6000 	C:\WINDOWS\System32\win32u.dll
0x00007ff8e1720000 - 0x00007ff8e1749000 	C:\WINDOWS\System32\GDI32.dll
0x00007ff8deed0000 - 0x00007ff8defe2000 	C:\WINDOWS\System32\gdi32full.dll
0x00007ff8df7e0000 - 0x00007ff8df87d000 	C:\WINDOWS\System32\msvcp_win.dll
0x00007ff8df130000 - 0x00007ff8df241000 	C:\WINDOWS\System32\ucrtbase.dll
0x00007ff8cbe60000 - 0x00007ff8cc105000 	C:\WINDOWS\WinSxS\amd64_microsoft.windows.common-controls_6595b64144ccf1df_6.0.22000.120_none_9d947278b86cc467\COMCTL32.dll
0x00007ff8e1750000 - 0x00007ff8e1781000 	C:\WINDOWS\System32\IMM32.DLL
0x00000000634e0000 - 0x00000000635b2000 	D:\Flutter\android_studio_install\jre\jre\bin\msvcr100.dll
0x0000000060db0000 - 0x00000000615fb000 	D:\Flutter\android_studio_install\jre\jre\bin\server\jvm.dll
0x00007ff8e0410000 - 0x00007ff8e0418000 	C:\WINDOWS\System32\PSAPI.DLL
0x00007ff8d92e0000 - 0x00007ff8d92e9000 	C:\WINDOWS\SYSTEM32\WSOCK32.dll
0x00007ff8d8c00000 - 0x00007ff8d8c0a000 	C:\WINDOWS\SYSTEM32\VERSION.dll
0x00007ff8d8d70000 - 0x00007ff8d8da3000 	C:\WINDOWS\SYSTEM32\WINMM.dll
0x00007ff8e1120000 - 0x00007ff8e118f000 	C:\WINDOWS\System32\WS2_32.dll
0x00007ff8d8c40000 - 0x00007ff8d8c4f000 	D:\Flutter\android_studio_install\jre\jre\bin\verify.dll
0x00007ff8c26a0000 - 0x00007ff8c26c9000 	D:\Flutter\android_studio_install\jre\jre\bin\java.dll
0x00007ff8cd9f0000 - 0x00007ff8cda06000 	D:\Flutter\android_studio_install\jre\jre\bin\zip.dll
0x00007ff8e05f0000 - 0x00007ff8e0d9e000 	C:\WINDOWS\System32\SHELL32.dll
0x00007ff8dd010000 - 0x00007ff8dd877000 	C:\WINDOWS\SYSTEM32\windows.storage.dll
0x00007ff8e0da0000 - 0x00007ff8e1118000 	C:\WINDOWS\System32\combase.dll
0x00007ff8dcea0000 - 0x00007ff8dd006000 	C:\WINDOWS\SYSTEM32\wintypes.dll
0x00007ff8e04d0000 - 0x00007ff8e05ba000 	C:\WINDOWS\System32\SHCORE.dll
0x00007ff8df880000 - 0x00007ff8df8dd000 	C:\WINDOWS\System32\shlwapi.dll
0x00007ff8dee00000 - 0x00007ff8dee21000 	C:\WINDOWS\SYSTEM32\profapi.dll
0x00007ff8c9650000 - 0x00007ff8c966a000 	D:\Flutter\android_studio_install\jre\jre\bin\net.dll
0x00007ff8de4a0000 - 0x00007ff8de507000 	C:\WINDOWS\system32\mswsock.dll
0x00007ff8c8890000 - 0x00007ff8c88a3000 	D:\Flutter\android_studio_install\jre\jre\bin\nio.dll
0x00007ff8b5360000 - 0x00007ff8b5387000 	C:\Users\amr4m\.gradle\native\f6784746aeab05261644944871eae4fe03e0ef1612fff0a4a95f87b438bc6780\windows-amd64\native-platform.dll
0x00007ff8d5dd0000 - 0x00007ff8d5ddd000 	D:\Flutter\android_studio_install\jre\jre\bin\management.dll
0x00007ff8de770000 - 0x00007ff8de788000 	C:\WINDOWS\SYSTEM32\CRYPTSP.dll
0x00007ff8ddfe0000 - 0x00007ff8de015000 	C:\WINDOWS\system32\rsaenh.dll
0x00007ff8de540000 - 0x00007ff8de569000 	C:\WINDOWS\SYSTEM32\USERENV.dll
0x00007ff8de8b0000 - 0x00007ff8de8d7000 	C:\WINDOWS\SYSTEM32\bcrypt.dll
0x00007ff8df0b0000 - 0x00007ff8df12f000 	C:\WINDOWS\System32\bcryptprimitives.dll
0x00007ff8de690000 - 0x00007ff8de69c000 	C:\WINDOWS\SYSTEM32\CRYPTBASE.dll
0x00007ff8ddbb0000 - 0x00007ff8ddbdd000 	C:\WINDOWS\SYSTEM32\IPHLPAPI.DLL
0x00007ff8e0400000 - 0x00007ff8e0409000 	C:\WINDOWS\System32\NSI.dll
0x00007ff8d8950000 - 0x00007ff8d8969000 	C:\WINDOWS\SYSTEM32\dhcpcsvc6.DLL
0x00007ff8d8d50000 - 0x00007ff8d8d6e000 	C:\WINDOWS\SYSTEM32\dhcpcsvc.DLL
0x00007ff8ddbe0000 - 0x00007ff8ddcc7000 	C:\WINDOWS\SYSTEM32\DNSAPI.dll
0x00007ff8d86c0000 - 0x00007ff8d86cc000 	C:\WINDOWS\SYSTEM32\WINNSI.DLL
0x00007ff8dc490000 - 0x00007ff8dc4c4000 	C:\WINDOWS\SYSTEM32\ntmarta.dll

VM Arguments:
jvm_args: -Xmx2048m -Dfile.encoding=UTF-8 -Duser.country=US -Duser.language=en -Duser.variant 
java_command: org.gradle.launcher.daemon.bootstrap.GradleDaemon 6.5
java_class_path (initial): C:\Users\amr4m\.gradle\wrapper\dists\gradle-6.5-bin\6nifqtx7604sqp1q6g8wikw7p\gradle-6.5\lib\gradle-launcher-6.5.jar
Launcher Type: SUN_STANDARD

Environment Variables:
PATH=C:\Python310\Scripts\;C:\Python310\;C:\Program Files (x86)\Common Files\Oracle\Java\javapath;C:\Windows\system32;C:\Windows;C:\Windows\System32\Wbem;C:\Windows\System32\WindowsPowerShell\v1.0\;C:\Windows\System32\OpenSSH\;D:\Flutter\flutter_install\bin;C:\Program Files (x86)\NVIDIA Corporation\PhysX\Common;C:\Program Files\NVIDIA Corporation\NVIDIA NvDLISR;C:\Program Files\nodejs\;C:\ProgramData\chocolatey\bin;C:\xampp\php;C:\ProgramData\ComposerSetup\bin;C:\WINDOWS\system32;C:\WINDOWS;C:\WINDOWS\System32\Wbem;C:\WINDOWS\System32\WindowsPowerShell\v1.0\;C:\WINDOWS\System32\OpenSSH\;C:\Program Files\Git\cmd;C:\Users\amr4m\AppData\Local\Programs\Python\Python38-32\Scripts\;C:\Users\amr4m\AppData\Local\Programs\Python\Python38-32\;C:\Users\amr4m\AppData\Local\Microsoft\WindowsApps;C:\Users\amr4m\AppData\Local\atom\bin;D:\Flutter\flutter_install\bin;C:\Program Files\heroku\bin;C:\Users\amr4m\AppData\Local\Programs\Microsoft VS Code\bin;C:\Program Files\Java\jdk1.8.0_241\bin;D:\Flutter\IntelliJ IDEA Community Edition 2021.2\bin;;C:\Users\amr4m\AppData\Roaming\npm;C:\Users\amr4m\AppData\Roaming\Composer\vendor\bin;C:\xampp\mysql\bin;;C:\Users\amr4m\AppData\Local\Microsoft\WindowsApps
USERNAME=amr4m
OS=Windows_NT
PROCESSOR_IDENTIFIER=Intel64 Family 6 Model 158 Stepping 10, GenuineIntel



---------------  S Y S T E M  ---------------

OS: Windows 10.0 , 64 bit Build 22000 (10.0.22000.434)

CPU:total 12 (initial active 12) (6 cores per cpu, 2 threads per core) family 6 model 158 stepping 10, cmov, cx8, fxsr, mmx, sse, sse2, sse3, ssse3, sse4.1, sse4.2, popcnt, avx, avx2, aes, clmul, erms, 3dnowpref, lzcnt, ht, tsc, tscinvbit, bmi1, bmi2, adx

Memory: 4k page, physical 16647380k(1641052k free), swap 32121040k(5528k free)

vm_info: OpenJDK 64-Bit Server VM (25.242-b01) for windows-amd64 JRE (1.8.0_242-release-1644-b01), built by "builder" with MS VC++ 10.0 (VS2010)

time: Sat Feb 05 11:29:44 2022
timezone: Egypt Standard Time
elapsed time: 12 seconds (0d 0h 0m 12s)

